Watching for file changes with StatReloader
Not Found: /favicon.ico
Watching for file changes with StatReloader
/var/www/html/django/projects/newspaper_blog/articles/models.py changed, reloading.
Watching for file changes with StatReloader
/var/www/html/django/projects/newspaper_blog/articles/models.py changed, reloading.
Watching for file changes with StatReloader
/var/www/html/django/projects/newspaper_blog/articles/models.py changed, reloading.
Watching for file changes with StatReloader
/var/www/html/django/projects/newspaper_blog/articles/models.py changed, reloading.
Watching for file changes with StatReloader
/var/www/html/django/projects/newspaper_blog/articles/models.py changed, reloading.
Watching for file changes with StatReloader
/var/www/html/django/projects/newspaper_blog/articles/models.py changed, reloading.
Watching for file changes with StatReloader
/var/www/html/django/projects/newspaper_blog/articles/models.py changed, reloading.
Watching for file changes with StatReloader
Watching for file changes with StatReloader
Watching for file changes with StatReloader
Watching for file changes with StatReloader
Watching for file changes with StatReloader
Watching for file changes with StatReloader
Not Found: /favicon.ico
Not Found: /users/change_password
Not Found: /accounts/login/
Not Found: /accounts/login/
Not Found: /accounts/login/
Not Found: /users
Not Found: /users/
/var/www/html/django/projects/newspaper_blog/user/views.py changed, reloading.
Watching for file changes with StatReloader
/var/www/html/django/projects/newspaper_blog/user/views.py changed, reloading.
Watching for file changes with StatReloader
/var/www/html/django/projects/newspaper_blog/user/views.py changed, reloading.
Watching for file changes with StatReloader
/var/www/html/django/projects/newspaper_blog/user/views.py changed, reloading.
Watching for file changes with StatReloader
/var/www/html/django/projects/newspaper_blog/user/views.py changed, reloading.
Watching for file changes with StatReloader
/var/www/html/django/projects/newspaper_blog/user/views.py changed, reloading.
Watching for file changes with StatReloader
/var/www/html/django/projects/newspaper_blog/user/views.py changed, reloading.
Watching for file changes with StatReloader
/var/www/html/django/projects/newspaper_blog/user/views.py changed, reloading.
Watching for file changes with StatReloader
/var/www/html/django/projects/newspaper_blog/user/views.py changed, reloading.
Watching for file changes with StatReloader
/var/www/html/django/projects/newspaper_blog/user/views.py changed, reloading.
Watching for file changes with StatReloader
/var/www/html/django/projects/newspaper_blog/user/views.py changed, reloading.
Watching for file changes with StatReloader
/var/www/html/django/projects/newspaper_blog/user/views.py changed, reloading.
Watching for file changes with StatReloader
/var/www/html/django/projects/newspaper_blog/user/views.py changed, reloading.
Watching for file changes with StatReloader
/var/www/html/django/projects/newspaper_blog/user/views.py changed, reloading.
Watching for file changes with StatReloader
/var/www/html/django/projects/newspaper_blog/user/forms.py changed, reloading.
Watching for file changes with StatReloader
/var/www/html/django/projects/newspaper_blog/user/forms.py changed, reloading.
Watching for file changes with StatReloader
/var/www/html/django/projects/newspaper_blog/user/forms.py changed, reloading.
Watching for file changes with StatReloader
/var/www/html/django/projects/newspaper_blog/user/forms.py changed, reloading.
Watching for file changes with StatReloader
/var/www/html/django/projects/newspaper_blog/user/models.py changed, reloading.
Watching for file changes with StatReloader
/var/www/html/django/projects/newspaper_blog/user/models.py changed, reloading.
Watching for file changes with StatReloader
Not Found: /users/login/{url 'password_reset'}
Not Found: /users/login/{url 'password_reset'}
Watching for file changes with StatReloader
/var/www/html/django/projects/newspaper_blog/newspaper_blog/settings.py changed, reloading.
Watching for file changes with StatReloader
/var/www/html/django/projects/newspaper_blog/newspaper_blog/settings.py changed, reloading.
Watching for file changes with StatReloader
/var/www/html/django/projects/newspaper_blog/newspaper_blog/settings.py changed, reloading.
Watching for file changes with StatReloader
/var/www/html/django/projects/newspaper_blog/newspaper_blog/settings.py changed, reloading.
Watching for file changes with StatReloader
/var/www/html/django/projects/newspaper_blog/newspaper_blog/settings.py changed, reloading.
Watching for file changes with StatReloader
/var/www/html/django/projects/newspaper_blog/newspaper_blog/settings.py changed, reloading.
Watching for file changes with StatReloader
Watching for file changes with StatReloader
Invalid HTTP_HOST header: '0.0.0.0:8000'. You may need to add '0.0.0.0' to ALLOWED_HOSTS.
Bad Request: /
Invalid HTTP_HOST header: '0.0.0.0:8000'. You may need to add '0.0.0.0' to ALLOWED_HOSTS.
Bad Request: /favicon.ico
/var/www/html/django/projects/newspaper_blog/newspaper_blog/settings.py changed, reloading.
Watching for file changes with StatReloader
/var/www/html/django/projects/newspaper_blog/newspaper_blog/settings.py changed, reloading.
Watching for file changes with StatReloader
/var/www/html/django/projects/newspaper_blog/newspaper_blog/settings.py changed, reloading.
Watching for file changes with StatReloader
Not Found: /favicon.ico
Watching for file changes with StatReloader
Not Found: /favicon.ico
Watching for file changes with StatReloader
Watching for file changes with StatReloader
Not Found: /favicon.ico
/var/www/html/django/projects/newspaper_blog/articles/views.py changed, reloading.
Watching for file changes with StatReloader
/var/www/html/django/projects/newspaper_blog/articles/views.py changed, reloading.
Watching for file changes with StatReloader
/var/www/html/django/projects/newspaper_blog/articles/views.py changed, reloading.
Watching for file changes with StatReloader
/var/www/html/django/projects/newspaper_blog/articles/views.py changed, reloading.
Watching for file changes with StatReloader
/var/www/html/django/projects/newspaper_blog/articles/views.py changed, reloading.
Watching for file changes with StatReloader
/var/www/html/django/projects/newspaper_blog/articles/views.py changed, reloading.
Watching for file changes with StatReloader
/var/www/html/django/projects/newspaper_blog/articles/views.py changed, reloading.
Watching for file changes with StatReloader
/var/www/html/django/projects/newspaper_blog/articles/views.py changed, reloading.
Watching for file changes with StatReloader
/var/www/html/django/projects/newspaper_blog/articles/views.py changed, reloading.
Watching for file changes with StatReloader
/var/www/html/django/projects/newspaper_blog/articles/views.py changed, reloading.
Watching for file changes with StatReloader
/var/www/html/django/projects/newspaper_blog/articles/views.py changed, reloading.
Watching for file changes with StatReloader
Internal Server Error: /articles/
Traceback (most recent call last):
  File "/home/davy/.local/lib/python3.10/site-packages/django/core/handlers/exception.py", line 55, in inner
    response = get_response(request)
  File "/home/davy/.local/lib/python3.10/site-packages/django/core/handlers/base.py", line 197, in _get_response
    response = wrapped_callback(request, *callback_args, **callback_kwargs)
  File "/home/davy/.local/lib/python3.10/site-packages/django/views/generic/base.py", line 84, in view
    return self.dispatch(request, *args, **kwargs)
  File "/var/www/html/django/projects/newspaper_blog/articles/views.py", line 19, in dispatch
    user = get_user()
TypeError: get_user() missing 1 required positional argument: 'request'
/var/www/html/django/projects/newspaper_blog/articles/views.py changed, reloading.
Watching for file changes with StatReloader
/var/www/html/django/projects/newspaper_blog/articles/views.py changed, reloading.
Watching for file changes with StatReloader
/var/www/html/django/projects/newspaper_blog/articles/views.py changed, reloading.
Watching for file changes with StatReloader
/var/www/html/django/projects/newspaper_blog/articles/views.py changed, reloading.
Watching for file changes with StatReloader
/var/www/html/django/projects/newspaper_blog/articles/views.py changed, reloading.
Watching for file changes with StatReloader
Internal Server Error: /articles/
Traceback (most recent call last):
  File "/home/davy/.local/lib/python3.10/site-packages/django/core/handlers/exception.py", line 55, in inner
    response = get_response(request)
  File "/home/davy/.local/lib/python3.10/site-packages/django/utils/deprecation.py", line 136, in __call__
    response = self.process_response(request, response)
  File "/home/davy/.local/lib/python3.10/site-packages/django/middleware/clickjacking.py", line 27, in process_response
    if response.get("X-Frame-Options") is not None:
AttributeError: 'PermissionDenied' object has no attribute 'get'
/var/www/html/django/projects/newspaper_blog/articles/views.py changed, reloading.
Watching for file changes with StatReloader
/var/www/html/django/projects/newspaper_blog/articles/views.py changed, reloading.
Watching for file changes with StatReloader
Internal Server Error: /articles/
Traceback (most recent call last):
  File "/home/davy/.local/lib/python3.10/site-packages/django/core/handlers/exception.py", line 55, in inner
    response = get_response(request)
  File "/home/davy/.local/lib/python3.10/site-packages/django/utils/deprecation.py", line 136, in __call__
    response = self.process_response(request, response)
  File "/home/davy/.local/lib/python3.10/site-packages/django/middleware/clickjacking.py", line 27, in process_response
    if response.get("X-Frame-Options") is not None:
AttributeError: 'PermissionDenied' object has no attribute 'get'
Internal Server Error: /articles/
Traceback (most recent call last):
  File "/home/davy/.local/lib/python3.10/site-packages/django/core/handlers/exception.py", line 55, in inner
    response = get_response(request)
  File "/home/davy/.local/lib/python3.10/site-packages/django/utils/deprecation.py", line 136, in __call__
    response = self.process_response(request, response)
  File "/home/davy/.local/lib/python3.10/site-packages/django/middleware/clickjacking.py", line 27, in process_response
    if response.get("X-Frame-Options") is not None:
AttributeError: 'PermissionDenied' object has no attribute 'get'
Internal Server Error: /articles/
Traceback (most recent call last):
  File "/home/davy/.local/lib/python3.10/site-packages/django/core/handlers/exception.py", line 55, in inner
    response = get_response(request)
  File "/home/davy/.local/lib/python3.10/site-packages/django/utils/deprecation.py", line 136, in __call__
    response = self.process_response(request, response)
  File "/home/davy/.local/lib/python3.10/site-packages/django/middleware/clickjacking.py", line 27, in process_response
    if response.get("X-Frame-Options") is not None:
AttributeError: 'PermissionDenied' object has no attribute 'get'
Internal Server Error: /articles/
Traceback (most recent call last):
  File "/home/davy/.local/lib/python3.10/site-packages/django/core/handlers/exception.py", line 55, in inner
    response = get_response(request)
  File "/home/davy/.local/lib/python3.10/site-packages/django/utils/deprecation.py", line 136, in __call__
    response = self.process_response(request, response)
  File "/home/davy/.local/lib/python3.10/site-packages/django/middleware/clickjacking.py", line 27, in process_response
    if response.get("X-Frame-Options") is not None:
AttributeError: 'PermissionDenied' object has no attribute 'get'
/var/www/html/django/projects/newspaper_blog/articles/views.py changed, reloading.
Watching for file changes with StatReloader
Internal Server Error: /articles/
Traceback (most recent call last):
  File "/home/davy/.local/lib/python3.10/site-packages/django/core/handlers/exception.py", line 55, in inner
    response = get_response(request)
  File "/home/davy/.local/lib/python3.10/site-packages/django/core/handlers/base.py", line 204, in _get_response
    self.check_response(response, callback)
  File "/home/davy/.local/lib/python3.10/site-packages/django/core/handlers/base.py", line 332, in check_response
    raise ValueError(
ValueError: The view articles.views.view didn't return an HttpResponse object. It returned None instead.
/var/www/html/django/projects/newspaper_blog/articles/views.py changed, reloading.
Watching for file changes with StatReloader
Internal Server Error: /articles/
Traceback (most recent call last):
  File "/home/davy/.local/lib/python3.10/site-packages/django/core/handlers/exception.py", line 55, in inner
    response = get_response(request)
  File "/home/davy/.local/lib/python3.10/site-packages/django/utils/deprecation.py", line 136, in __call__
    response = self.process_response(request, response)
  File "/home/davy/.local/lib/python3.10/site-packages/django/middleware/clickjacking.py", line 27, in process_response
    if response.get("X-Frame-Options") is not None:
AttributeError: 'str' object has no attribute 'get'
Internal Server Error: /articles/
Traceback (most recent call last):
  File "/home/davy/.local/lib/python3.10/site-packages/django/core/handlers/exception.py", line 55, in inner
    response = get_response(request)
  File "/home/davy/.local/lib/python3.10/site-packages/django/utils/deprecation.py", line 136, in __call__
    response = self.process_response(request, response)
  File "/home/davy/.local/lib/python3.10/site-packages/django/middleware/clickjacking.py", line 27, in process_response
    if response.get("X-Frame-Options") is not None:
AttributeError: 'str' object has no attribute 'get'
Internal Server Error: /articles/
Traceback (most recent call last):
  File "/home/davy/.local/lib/python3.10/site-packages/django/core/handlers/exception.py", line 55, in inner
    response = get_response(request)
  File "/home/davy/.local/lib/python3.10/site-packages/django/utils/deprecation.py", line 136, in __call__
    response = self.process_response(request, response)
  File "/home/davy/.local/lib/python3.10/site-packages/django/middleware/clickjacking.py", line 27, in process_response
    if response.get("X-Frame-Options") is not None:
AttributeError: 'str' object has no attribute 'get'
/var/www/html/django/projects/newspaper_blog/articles/views.py changed, reloading.
Watching for file changes with StatReloader
Watching for file changes with StatReloader
/var/www/html/django/projects/newspaper_blog/articles/views.py changed, reloading.
Watching for file changes with StatReloader
/var/www/html/django/projects/newspaper_blog/articles/views.py changed, reloading.
Watching for file changes with StatReloader
/var/www/html/django/projects/newspaper_blog/articles/views.py changed, reloading.
Watching for file changes with StatReloader
/var/www/html/django/projects/newspaper_blog/articles/views.py changed, reloading.
Watching for file changes with StatReloader
Forbidden (Permission denied): /articles/
Traceback (most recent call last):
  File "/home/davy/.local/lib/python3.10/site-packages/django/core/handlers/exception.py", line 55, in inner
    response = get_response(request)
  File "/home/davy/.local/lib/python3.10/site-packages/django/core/handlers/base.py", line 197, in _get_response
    response = wrapped_callback(request, *callback_args, **callback_kwargs)
  File "/home/davy/.local/lib/python3.10/site-packages/django/views/generic/base.py", line 103, in view
    return self.dispatch(request, *args, **kwargs)
  File "/home/davy/.local/lib/python3.10/site-packages/braces/views/_access.py", line 105, in dispatch
    return self.handle_no_permission(request)
  File "/home/davy/.local/lib/python3.10/site-packages/braces/views/_access.py", line 75, in handle_no_permission
    raise PermissionDenied
django.core.exceptions.PermissionDenied
Forbidden (Permission denied): /articles/
Traceback (most recent call last):
  File "/home/davy/.local/lib/python3.10/site-packages/django/core/handlers/exception.py", line 55, in inner
    response = get_response(request)
  File "/home/davy/.local/lib/python3.10/site-packages/django/core/handlers/base.py", line 197, in _get_response
    response = wrapped_callback(request, *callback_args, **callback_kwargs)
  File "/home/davy/.local/lib/python3.10/site-packages/django/views/generic/base.py", line 103, in view
    return self.dispatch(request, *args, **kwargs)
  File "/home/davy/.local/lib/python3.10/site-packages/braces/views/_access.py", line 105, in dispatch
    return self.handle_no_permission(request)
  File "/home/davy/.local/lib/python3.10/site-packages/braces/views/_access.py", line 75, in handle_no_permission
    raise PermissionDenied
django.core.exceptions.PermissionDenied
Forbidden (Permission denied): /articles/
Traceback (most recent call last):
  File "/home/davy/.local/lib/python3.10/site-packages/django/core/handlers/exception.py", line 55, in inner
    response = get_response(request)
  File "/home/davy/.local/lib/python3.10/site-packages/django/core/handlers/base.py", line 197, in _get_response
    response = wrapped_callback(request, *callback_args, **callback_kwargs)
  File "/home/davy/.local/lib/python3.10/site-packages/django/views/generic/base.py", line 103, in view
    return self.dispatch(request, *args, **kwargs)
  File "/home/davy/.local/lib/python3.10/site-packages/braces/views/_access.py", line 105, in dispatch
    return self.handle_no_permission(request)
  File "/home/davy/.local/lib/python3.10/site-packages/braces/views/_access.py", line 75, in handle_no_permission
    raise PermissionDenied
django.core.exceptions.PermissionDenied
/var/www/html/django/projects/newspaper_blog/articles/views.py changed, reloading.
Watching for file changes with StatReloader
/var/www/html/django/projects/newspaper_blog/articles/views.py changed, reloading.
Watching for file changes with StatReloader
/var/www/html/django/projects/newspaper_blog/articles/views.py changed, reloading.
Watching for file changes with StatReloader
/var/www/html/django/projects/newspaper_blog/articles/views.py changed, reloading.
Watching for file changes with StatReloader
/var/www/html/django/projects/newspaper_blog/articles/views.py changed, reloading.
Watching for file changes with StatReloader
/var/www/html/django/projects/newspaper_blog/articles/views.py changed, reloading.
Watching for file changes with StatReloader
/var/www/html/django/projects/newspaper_blog/articles/views.py changed, reloading.
Watching for file changes with StatReloader
/var/www/html/django/projects/newspaper_blog/articles/views.py changed, reloading.
Watching for file changes with StatReloader
/var/www/html/django/projects/newspaper_blog/articles/views.py changed, reloading.
Watching for file changes with StatReloader
/var/www/html/django/projects/newspaper_blog/articles/views.py changed, reloading.
Watching for file changes with StatReloader
/var/www/html/django/projects/newspaper_blog/articles/views.py changed, reloading.
Watching for file changes with StatReloader
/var/www/html/django/projects/newspaper_blog/articles/views.py changed, reloading.
Watching for file changes with StatReloader
/var/www/html/django/projects/newspaper_blog/articles/views.py changed, reloading.
Watching for file changes with StatReloader
/var/www/html/django/projects/newspaper_blog/articles/views.py changed, reloading.
Watching for file changes with StatReloader
/var/www/html/django/projects/newspaper_blog/articles/views.py changed, reloading.
Watching for file changes with StatReloader
/var/www/html/django/projects/newspaper_blog/articles/views.py changed, reloading.
Watching for file changes with StatReloader
/var/www/html/django/projects/newspaper_blog/articles/views.py changed, reloading.
Watching for file changes with StatReloader
Watching for file changes with StatReloader
Watching for file changes with StatReloader
/var/www/html/django/projects/newspaper_blog/articles/views.py changed, reloading.
Watching for file changes with StatReloader
Internal Server Error: /articles/
Traceback (most recent call last):
  File "/home/davy/.local/lib/python3.10/site-packages/django/core/handlers/exception.py", line 55, in inner
    response = get_response(request)
  File "/home/davy/.local/lib/python3.10/site-packages/django/core/handlers/base.py", line 197, in _get_response
    response = wrapped_callback(request, *callback_args, **callback_kwargs)
  File "/home/davy/.local/lib/python3.10/site-packages/django/views/generic/base.py", line 103, in view
    return self.dispatch(request, *args, **kwargs)
  File "/home/davy/.local/lib/python3.10/site-packages/braces/views/_access.py", line 107, in dispatch
    return super(LoginRequiredMixin, self).dispatch(
  File "/home/davy/.local/lib/python3.10/site-packages/django/views/generic/base.py", line 142, in dispatch
    return handler(request, *args, **kwargs)
  File "/var/www/html/django/projects/newspaper_blog/articles/views.py", line 22, in get
    return self.render_to_response({"Hello world"})
  File "/home/davy/.local/lib/python3.10/site-packages/django/views/generic/base.py", line 190, in render_to_response
    template=self.get_template_names(),
  File "/home/davy/.local/lib/python3.10/site-packages/django/views/generic/list.py", line 199, in get_template_names
    if hasattr(self.object_list, "model"):
AttributeError: 'ArticlesListView' object has no attribute 'object_list'
Internal Server Error: /articles/
Traceback (most recent call last):
  File "/home/davy/.local/lib/python3.10/site-packages/django/core/handlers/exception.py", line 55, in inner
    response = get_response(request)
  File "/home/davy/.local/lib/python3.10/site-packages/django/core/handlers/base.py", line 197, in _get_response
    response = wrapped_callback(request, *callback_args, **callback_kwargs)
  File "/home/davy/.local/lib/python3.10/site-packages/django/views/generic/base.py", line 103, in view
    return self.dispatch(request, *args, **kwargs)
  File "/home/davy/.local/lib/python3.10/site-packages/braces/views/_access.py", line 107, in dispatch
    return super(LoginRequiredMixin, self).dispatch(
  File "/home/davy/.local/lib/python3.10/site-packages/django/views/generic/base.py", line 142, in dispatch
    return handler(request, *args, **kwargs)
  File "/var/www/html/django/projects/newspaper_blog/articles/views.py", line 22, in get
    return self.render_to_response({"Hello world"})
  File "/home/davy/.local/lib/python3.10/site-packages/django/views/generic/base.py", line 190, in render_to_response
    template=self.get_template_names(),
  File "/home/davy/.local/lib/python3.10/site-packages/django/views/generic/list.py", line 199, in get_template_names
    if hasattr(self.object_list, "model"):
AttributeError: 'ArticlesListView' object has no attribute 'object_list'
/var/www/html/django/projects/newspaper_blog/articles/views.py changed, reloading.
Watching for file changes with StatReloader
Internal Server Error: /articles/
Traceback (most recent call last):
  File "/home/davy/.local/lib/python3.10/site-packages/django/core/handlers/exception.py", line 55, in inner
    response = get_response(request)
  File "/home/davy/.local/lib/python3.10/site-packages/django/core/handlers/base.py", line 197, in _get_response
    response = wrapped_callback(request, *callback_args, **callback_kwargs)
  File "/home/davy/.local/lib/python3.10/site-packages/django/views/generic/base.py", line 103, in view
    return self.dispatch(request, *args, **kwargs)
  File "/home/davy/.local/lib/python3.10/site-packages/django/views/generic/base.py", line 142, in dispatch
    return handler(request, *args, **kwargs)
  File "/var/www/html/django/projects/newspaper_blog/articles/views.py", line 22, in get
    return self.render_to_response({"Hello world"})
  File "/home/davy/.local/lib/python3.10/site-packages/django/views/generic/base.py", line 190, in render_to_response
    template=self.get_template_names(),
  File "/home/davy/.local/lib/python3.10/site-packages/django/views/generic/list.py", line 199, in get_template_names
    if hasattr(self.object_list, "model"):
AttributeError: 'ArticlesListView' object has no attribute 'object_list'
/var/www/html/django/projects/newspaper_blog/articles/views.py changed, reloading.
Watching for file changes with StatReloader
Internal Server Error: /articles/
Traceback (most recent call last):
  File "/home/davy/.local/lib/python3.10/site-packages/django/core/handlers/exception.py", line 55, in inner
    response = get_response(request)
  File "/home/davy/.local/lib/python3.10/site-packages/django/core/handlers/base.py", line 197, in _get_response
    response = wrapped_callback(request, *callback_args, **callback_kwargs)
  File "/home/davy/.local/lib/python3.10/site-packages/django/views/generic/base.py", line 103, in view
    return self.dispatch(request, *args, **kwargs)
  File "/home/davy/.local/lib/python3.10/site-packages/django/views/generic/base.py", line 142, in dispatch
    return handler(request, *args, **kwargs)
  File "/var/www/html/django/projects/newspaper_blog/articles/views.py", line 22, in get
    return self.render_to_response({"Hello world"})
  File "/home/davy/.local/lib/python3.10/site-packages/django/views/generic/base.py", line 190, in render_to_response
    template=self.get_template_names(),
  File "/home/davy/.local/lib/python3.10/site-packages/django/views/generic/list.py", line 199, in get_template_names
    if hasattr(self.object_list, "model"):
AttributeError: 'ArticlesListView' object has no attribute 'object_list'
Internal Server Error: /articles/
Traceback (most recent call last):
  File "/home/davy/.local/lib/python3.10/site-packages/django/core/handlers/exception.py", line 55, in inner
    response = get_response(request)
  File "/home/davy/.local/lib/python3.10/site-packages/django/core/handlers/base.py", line 197, in _get_response
    response = wrapped_callback(request, *callback_args, **callback_kwargs)
  File "/home/davy/.local/lib/python3.10/site-packages/django/views/generic/base.py", line 103, in view
    return self.dispatch(request, *args, **kwargs)
  File "/home/davy/.local/lib/python3.10/site-packages/django/views/generic/base.py", line 142, in dispatch
    return handler(request, *args, **kwargs)
  File "/var/www/html/django/projects/newspaper_blog/articles/views.py", line 22, in get
    return self.render_to_response({"Hello world"})
  File "/home/davy/.local/lib/python3.10/site-packages/django/views/generic/base.py", line 190, in render_to_response
    template=self.get_template_names(),
  File "/home/davy/.local/lib/python3.10/site-packages/django/views/generic/list.py", line 199, in get_template_names
    if hasattr(self.object_list, "model"):
AttributeError: 'ArticlesListView' object has no attribute 'object_list'
/var/www/html/django/projects/newspaper_blog/articles/views.py changed, reloading.
Watching for file changes with StatReloader
/var/www/html/django/projects/newspaper_blog/articles/views.py changed, reloading.
Watching for file changes with StatReloader
/var/www/html/django/projects/newspaper_blog/articles/views.py changed, reloading.
Watching for file changes with StatReloader
Internal Server Error: /articles/
Traceback (most recent call last):
  File "/home/davy/.local/lib/python3.10/site-packages/django/core/handlers/exception.py", line 55, in inner
    response = get_response(request)
  File "/home/davy/.local/lib/python3.10/site-packages/django/core/handlers/base.py", line 197, in _get_response
    response = wrapped_callback(request, *callback_args, **callback_kwargs)
  File "/home/davy/.local/lib/python3.10/site-packages/django/views/generic/base.py", line 103, in view
    return self.dispatch(request, *args, **kwargs)
  File "/home/davy/.local/lib/python3.10/site-packages/braces/views/_access.py", line 107, in dispatch
    return super(LoginRequiredMixin, self).dispatch(
  File "/home/davy/.local/lib/python3.10/site-packages/django/views/generic/base.py", line 142, in dispatch
    return handler(request, *args, **kwargs)
  File "/var/www/html/django/projects/newspaper_blog/articles/views.py", line 22, in get
    return self.render_to_response({"Hello world"})
  File "/home/davy/.local/lib/python3.10/site-packages/django/views/generic/base.py", line 190, in render_to_response
    template=self.get_template_names(),
  File "/home/davy/.local/lib/python3.10/site-packages/django/views/generic/list.py", line 199, in get_template_names
    if hasattr(self.object_list, "model"):
AttributeError: 'ArticlesListView' object has no attribute 'object_list'
/var/www/html/django/projects/newspaper_blog/articles/views.py changed, reloading.
Watching for file changes with StatReloader
/var/www/html/django/projects/newspaper_blog/articles/views.py changed, reloading.
Watching for file changes with StatReloader
/var/www/html/django/projects/newspaper_blog/articles/views.py changed, reloading.
Watching for file changes with StatReloader
Watching for file changes with StatReloader
Internal Server Error: /articles/9/delete/
Traceback (most recent call last):
  File "/home/davy/.local/lib/python3.10/site-packages/django/core/handlers/exception.py", line 55, in inner
    response = get_response(request)
  File "/home/davy/.local/lib/python3.10/site-packages/django/core/handlers/base.py", line 197, in _get_response
    response = wrapped_callback(request, *callback_args, **callback_kwargs)
  File "/home/davy/.local/lib/python3.10/site-packages/django/views/generic/base.py", line 103, in view
    return self.dispatch(request, *args, **kwargs)
  File "/home/davy/.local/lib/python3.10/site-packages/braces/views/_access.py", line 107, in dispatch
    return super(LoginRequiredMixin, self).dispatch(
  File "/home/davy/.local/lib/python3.10/site-packages/braces/views/_access.py", line 224, in dispatch
    has_permission = self.check_permissions(request)
  File "/home/davy/.local/lib/python3.10/site-packages/braces/views/_access.py", line 201, in check_permissions
    perms = self.get_permission_required(request)
  File "/home/davy/.local/lib/python3.10/site-packages/braces/views/_access.py", line 190, in get_permission_required
    raise ImproperlyConfigured(
django.core.exceptions.ImproperlyConfigured: ArticleDeleteView requires the "permission_required" attribute to be set.
/var/www/html/django/projects/newspaper_blog/articles/views.py changed, reloading.
Watching for file changes with StatReloader
/var/www/html/django/projects/newspaper_blog/articles/views.py changed, reloading.
Watching for file changes with StatReloader
/var/www/html/django/projects/newspaper_blog/articles/views.py changed, reloading.
Watching for file changes with StatReloader
Not Found: /users/login/login.js
Not Found: /users/login/login.js
Internal Server Error: /users/login/
Traceback (most recent call last):
  File "/home/davy/.local/lib/python3.10/site-packages/django/template/base.py", line 505, in parse
    compile_func = self.tags[command]
KeyError: 'static'

During handling of the above exception, another exception occurred:

Traceback (most recent call last):
  File "/home/davy/.local/lib/python3.10/site-packages/django/core/handlers/exception.py", line 55, in inner
    response = get_response(request)
  File "/home/davy/.local/lib/python3.10/site-packages/django/core/handlers/base.py", line 220, in _get_response
    response = response.render()
  File "/home/davy/.local/lib/python3.10/site-packages/django/template/response.py", line 114, in render
    self.content = self.rendered_content
  File "/home/davy/.local/lib/python3.10/site-packages/django/template/response.py", line 90, in rendered_content
    template = self.resolve_template(self.template_name)
  File "/home/davy/.local/lib/python3.10/site-packages/django/template/response.py", line 72, in resolve_template
    return select_template(template, using=self.using)
  File "/home/davy/.local/lib/python3.10/site-packages/django/template/loader.py", line 42, in select_template
    return engine.get_template(template_name)
  File "/home/davy/.local/lib/python3.10/site-packages/django/template/backends/django.py", line 34, in get_template
    return Template(self.engine.get_template(template_name), self)
  File "/home/davy/.local/lib/python3.10/site-packages/django/template/engine.py", line 175, in get_template
    template, origin = self.find_template(template_name)
  File "/home/davy/.local/lib/python3.10/site-packages/django/template/engine.py", line 157, in find_template
    template = loader.get_template(name, skip=skip)
  File "/home/davy/.local/lib/python3.10/site-packages/django/template/loaders/cached.py", line 57, in get_template
    template = super().get_template(template_name, skip)
  File "/home/davy/.local/lib/python3.10/site-packages/django/template/loaders/base.py", line 28, in get_template
    return Template(
  File "/home/davy/.local/lib/python3.10/site-packages/django/template/base.py", line 154, in __init__
    self.nodelist = self.compile_nodelist()
  File "/home/davy/.local/lib/python3.10/site-packages/django/template/base.py", line 200, in compile_nodelist
    return parser.parse()
  File "/home/davy/.local/lib/python3.10/site-packages/django/template/base.py", line 513, in parse
    raise self.error(token, e)
  File "/home/davy/.local/lib/python3.10/site-packages/django/template/base.py", line 511, in parse
    compiled_result = compile_func(self, token)
  File "/home/davy/.local/lib/python3.10/site-packages/django/template/loader_tags.py", line 293, in do_extends
    nodelist = parser.parse()
  File "/home/davy/.local/lib/python3.10/site-packages/django/template/base.py", line 513, in parse
    raise self.error(token, e)
  File "/home/davy/.local/lib/python3.10/site-packages/django/template/base.py", line 511, in parse
    compiled_result = compile_func(self, token)
  File "/home/davy/.local/lib/python3.10/site-packages/django/template/loader_tags.py", line 232, in do_block
    nodelist = parser.parse(("endblock",))
  File "/home/davy/.local/lib/python3.10/site-packages/django/template/base.py", line 507, in parse
    self.invalid_block_tag(token, command, parse_until)
  File "/home/davy/.local/lib/python3.10/site-packages/django/template/base.py", line 558, in invalid_block_tag
    raise self.error(
django.template.exceptions.TemplateSyntaxError: Invalid block tag on line 13: 'static', expected 'endblock'. Did you forget to register or load this tag?
Watching for file changes with StatReloader
Watching for file changes with StatReloader
Watching for file changes with StatReloader
Not Found: /favicon.ico
Watching for file changes with StatReloader
/var/www/html/django/projects/newspaper_blog/articles/views.py changed, reloading.
Watching for file changes with StatReloader
/var/www/html/django/projects/newspaper_blog/articles/views.py changed, reloading.
Watching for file changes with StatReloader
/var/www/html/django/projects/newspaper_blog/articles/views.py changed, reloading.
/var/www/html/django/projects/newspaper_blog/articles/views.py changed, reloading.
Watching for file changes with StatReloader
Watching for file changes with StatReloader
/var/www/html/django/projects/newspaper_blog/articles/views.py changed, reloading.
/var/www/html/django/projects/newspaper_blog/articles/views.py changed, reloading.
Watching for file changes with StatReloader
Watching for file changes with StatReloader
/var/www/html/django/projects/newspaper_blog/articles/views.py changed, reloading.
/var/www/html/django/projects/newspaper_blog/articles/views.py changed, reloading.
Watching for file changes with StatReloader
Watching for file changes with StatReloader
/var/www/html/django/projects/newspaper_blog/articles/views.py changed, reloading.
/var/www/html/django/projects/newspaper_blog/articles/views.py changed, reloading.
Watching for file changes with StatReloader
Watching for file changes with StatReloader
/var/www/html/django/projects/newspaper_blog/articles/views.py changed, reloading.
/var/www/html/django/projects/newspaper_blog/articles/views.py changed, reloading.
Watching for file changes with StatReloader
Watching for file changes with StatReloader
/var/www/html/django/projects/newspaper_blog/articles/views.py changed, reloading.
/var/www/html/django/projects/newspaper_blog/articles/views.py changed, reloading.
Watching for file changes with StatReloader
Watching for file changes with StatReloader
/var/www/html/django/projects/newspaper_blog/articles/views.py changed, reloading.
/var/www/html/django/projects/newspaper_blog/articles/views.py changed, reloading.
Watching for file changes with StatReloader
Watching for file changes with StatReloader
/var/www/html/django/projects/newspaper_blog/articles/views.py changed, reloading.
/var/www/html/django/projects/newspaper_blog/articles/views.py changed, reloading.
Watching for file changes with StatReloader
Watching for file changes with StatReloader
/var/www/html/django/projects/newspaper_blog/articles/views.py changed, reloading.
Watching for file changes with StatReloader
/var/www/html/django/projects/newspaper_blog/articles/views.py changed, reloading.
Watching for file changes with StatReloader
/var/www/html/django/projects/newspaper_blog/articles/views.py changed, reloading.
/var/www/html/django/projects/newspaper_blog/articles/views.py changed, reloading.
Watching for file changes with StatReloader
Watching for file changes with StatReloader
/var/www/html/django/projects/newspaper_blog/articles/views.py changed, reloading.
/var/www/html/django/projects/newspaper_blog/articles/views.py changed, reloading.
Watching for file changes with StatReloader
Watching for file changes with StatReloader
/var/www/html/django/projects/newspaper_blog/articles/views.py changed, reloading.
/var/www/html/django/projects/newspaper_blog/articles/views.py changed, reloading.
Watching for file changes with StatReloader
Watching for file changes with StatReloader
/var/www/html/django/projects/newspaper_blog/articles/views.py changed, reloading.
/var/www/html/django/projects/newspaper_blog/articles/views.py changed, reloading.
Watching for file changes with StatReloader
Watching for file changes with StatReloader
/var/www/html/django/projects/newspaper_blog/articles/views.py changed, reloading.
/var/www/html/django/projects/newspaper_blog/articles/views.py changed, reloading.
Watching for file changes with StatReloader
Watching for file changes with StatReloader
/var/www/html/django/projects/newspaper_blog/articles/views.py changed, reloading.
/var/www/html/django/projects/newspaper_blog/articles/views.py changed, reloading.
Watching for file changes with StatReloader
Watching for file changes with StatReloader
/var/www/html/django/projects/newspaper_blog/articles/views.py changed, reloading.
/var/www/html/django/projects/newspaper_blog/articles/views.py changed, reloading.
Watching for file changes with StatReloader
Watching for file changes with StatReloader
/var/www/html/django/projects/newspaper_blog/articles/views.py changed, reloading.
/var/www/html/django/projects/newspaper_blog/articles/views.py changed, reloading.
Watching for file changes with StatReloader
Watching for file changes with StatReloader
/var/www/html/django/projects/newspaper_blog/articles/views.py changed, reloading.
/var/www/html/django/projects/newspaper_blog/articles/views.py changed, reloading.
Watching for file changes with StatReloader
Watching for file changes with StatReloader
/var/www/html/django/projects/newspaper_blog/articles/views.py changed, reloading.
/var/www/html/django/projects/newspaper_blog/articles/views.py changed, reloading.
Watching for file changes with StatReloader
Watching for file changes with StatReloader
/var/www/html/django/projects/newspaper_blog/articles/views.py changed, reloading.
/var/www/html/django/projects/newspaper_blog/articles/views.py changed, reloading.
Watching for file changes with StatReloader
Watching for file changes with StatReloader
/var/www/html/django/projects/newspaper_blog/newspaper_blog/settings.py changed, reloading.
/var/www/html/django/projects/newspaper_blog/newspaper_blog/settings.py changed, reloading.
Watching for file changes with StatReloader
Watching for file changes with StatReloader
/var/www/html/django/projects/newspaper_blog/newspaper_blog/settings.py changed, reloading.
/var/www/html/django/projects/newspaper_blog/newspaper_blog/settings.py changed, reloading.
Watching for file changes with StatReloader
Not Found: /favicon.ico
Watching for file changes with StatReloader
Watching for file changes with StatReloader
Watching for file changes with StatReloader
Watching for file changes with StatReloader
Watching for file changes with StatReloader
Watching for file changes with StatReloader
Watching for file changes with StatReloader
Not Found: /favicon.ico
/var/www/html/django/projects/newspaper_blog/newspaper_blog/settings.py changed, reloading.
Watching for file changes with StatReloader
/var/www/html/django/projects/newspaper_blog/newspaper_blog/settings.py changed, reloading.
Watching for file changes with StatReloader
Watching for file changes with StatReloader
Watching for file changes with StatReloader
Not Found: /favicon.ico
